i 13 3 1
p 14

s 19

e 13 3
i 11 18 1
i 19 10 1
i 11 17 1
i 10 15 1
i 6 18 1
i 14 4 1
i 2 2 1
e 6 18
i 5 2 1
q 11 17
 ret = 1
q 10 15
 ret = 1
s 8

p 11

q 10 15
 ret = 1
e 19 10
s 7

e 11 17
i 8 14 1
p 6

e 11 18
i 20 17 1
i 19 19 1
p 4
14 
p 15
10 
s 6

i 1 3 1
e 5 2
p 3
1 
i 10 4 1
i 5 9 1
q 1 3
 ret = 1
s 12

p 10

p 6

i 11 10 1
i 13 6 1
q 11 10
 ret = 1
p 1

s 2
2 
p 8

i 18 9 1
p 1

q 5 9
 ret = 1
i 19 7 1
q 1 3
 ret = 1
i 14 1 1
i 6 14 1
s 14
1 4 
p 15
10 
s 11
10 
i 17 10 1
i 12 1 1
e 8 14
i 14 11 1
i 17 18 1
p 10
11 17 
i 9 8 1
p 19
19 
q 13 6
 ret = 1
i 5 4 1
i 3 13 1
i 6 19 1
s 5
4 9 
s 4

i 18 20 1
q 17 18
 ret = 1
s 15

i 18 19 1
p 3
1 
i 1 4 1
i 1 7 1
i 14 11 1
i 14 16 1
i 10 20 1
i 6 17 1
i 3 18 1
i 3 5 1
i 4 6 1
e 1 3
i 5 5 1
q 12 1
 ret = 1
i 9 12 1
q 6 19
 ret = 1
p 18
17 3 
i 5 19 1
i 10 6 1
i 6 1 1
i 18 16 1
s 18
16 19 20 9 
i 16 20 1
i 12 13 1
i 18 4 1
i 11 16 1
i 19 3 1
s 13
6 
i 7 9 1
i 9 8 1
i 11 15 1
i 15 13 1
i 7 17 1
i 6 7 1
i 15 18 1
i 8 12 1
p 19
18 19 5 6 
i 15 11 1
q 18 16
 ret = 1
i 16 9 1
i 14 11 1
i 2 1 1
s 14
1 11 16 4 
e 10 15
i 3 3 1
s 6
1 14 17 19 7 
s 4
6 
i 5 20 1
i 3 19 1
i 16 6 1
s 3
13 18 19 3 5 
q 1 4
 ret = 1
s 3
13 18 19 3 5 
i 3 12 1
i 20 12 1
s 8
12 
i 14 4 1
i 2 1 1
q 6 17
 ret = 1
i 3 19 1
i 14 13 1
p 20
10 16 18 5 
p 5
3 5 
i 17 19 1
p 17
20 6 7 
p 12
20 3 8 9 
i 14 4 1
i 12 7 1
e 14 11
i 9 5 1
e 3 12
i 19 17 1
e 14 16
q 10 6
 ret = 1
p 12
20 8 9 
i 20 20 1
q 3 3
 ret = 1
i 13 16 1
i 14 2 1
i 6 17 1
q 11 15
 ret = 1
i 20 18 1
i 19 4 1
p 15
11 
i 2 2 1
i 3 5 1
p 13
12 14 15 3 
i 20 11 1
p 18
15 17 20 3 
i 8 9 1
i 20 20 1
p 1
12 14 2 6 
i 14 10 1
e 8 9
s 6
1 14 17 19 7 
i 17 2 1
p 4
1 10 14 18 19 5 
p 4
1 10 14 18 19 5 
i 5 6 1
i 8 10 1
i 6 9 1
e 4 6
e 7 9
i 12 12 1
p 13
12 14 15 3 
i 11 4 1
p 10
11 14 17 8 
p 9
16 18 5 6 
i 18 7 1
i 20 12 1
i 13 7 1
i 8 7 1
i 20 13 1
i 18 7 1
i 17 7 1
s 19
17 19 3 4 7 
e 9 12
i 12 6 1
i 16 8 1
i 17 8 1
i 12 17 1
i 8 7 1
p 7
1 12 13 17 18 19 6 8 
i 7 16 1
i 17 20 1
p 6
10 12 13 16 5 
p 7
1 12 13 17 18 19 6 8 
i 6 9 1
p 20
10 16 17 18 20 5 
i 6 20 1
i 6 10 1
e 16 6
i 15 10 1
i 16 13 1
i 8 1 1
i 10 17 1
q 16 9
 ret = 1
p 13
12 14 15 16 20 3 
p 2
14 17 2 
e 13 6
i 4 18 1
i 9 4 1
i 8 3 1
i 6 2 1
i 16 19 1
i 18 5 1
i 5 14 1
i 7 8 1
i 20 2 1
i 8 1 1
i 18 19 1
i 19 5 1
i 17 15 1
i 5 12 1
i 11 15 1
i 9 20 1
i 13 19 1
i 15 9 1
i 11 11 1
i 7 16 1
i 9 11 1
e 14 13
p 4
1 10 11 14 18 19 5 9 
i 15 18 1
s 4
18 
i 13 6 1
i 3 12 1
i 19 1 1
e 9 20
i 19 3 1
s 5
12 14 19 20 4 5 6 9 
e 10 4
i 8 12 1
i 11 19 1
e 6 2
i 9 4 1
i 6 5 1
i 20 1 1
i 16 16 1
i 19 12 1
s 14
1 10 2 4 
i 2 1 1
i 13 1 1
i 19 12 1
i 11 15 1
i 15 13 1
i 19 14 1
i 9 14 1
q 13 1
 ret = 1
e 17 18
i 12 5 1
p 1
12 13 14 19 2 20 6 8 
q 19 4
 ret = 1
i 1 4 1
i 15 5 1
i 18 12 1
i 1 14 1
i 9 19 1
e 12 12
q 18 9
 ret = 1
p 17
10 12 19 20 6 7 
i 10 1 1
i 3 6 1
q 14 1
 ret = 1
p 3
19 3 8 
i 13 3 1
i 12 18 1
e 19 12
i 8 4 1
i 15 15 1
e 11 11
i 1 15 1
i 16 9 1
s 11
10 15 16 19 4 
p 11
15 20 9 
p 19
11 13 16 17 18 19 3 5 6 9 
s 4
18 
s 10
1 17 20 6 
i 2 19 1
p 16
11 13 16 18 7 
p 13
12 15 16 20 3 
i 18 5 1
i 5 15 1
i 10 8 1
i 11 17 1
i 15 15 1
i 15 8 1
s 13
1 16 19 3 6 7 
i 1 13 1
e 10 17
i 15 16 1
i 13 9 1
i 19 12 1
q 17 19
 ret = 1
s 4
18 
i 14 10 1
i 2 7 1
e 13 16
i 1 19 1
p 6
10 12 13 3 5 
p 11
15 20 9 
p 20
10 16 17 18 20 5 6 
i 1 18 1
e 5 14
i 10 3 1
i 20 16 1
i 14 5 1
i 18 11 1
i 5 20 1
s 6
1 10 14 17 19 20 5 7 9 
e 18 20
i 4 4 1
i 16 1 1
i 12 8 1
i 8 19 1
s 2
1 19 2 7 
p 10
11 14 15 17 6 8 
i 3 8 1
q 3 18
 ret = 1
i 14 7 1
i 15 6 1
i 14 13 1
i 16 18 1
q 1 15
 ret = 1
i 20 17 1
i 14 17 1
q 8 3
 ret = 1
i 3 8 1
i 10 18 1
i 1 19 1
q 14 4
 ret = 3
s 3
12 13 18 19 3 5 6 8 
e 15 11
i 1 13 1
i 18 11 1
i 12 4 1
i 1 19 1
e 1 15
i 2 15 1
i 18 19 1
i 2 16 1
i 1 5 1
i 13 13 1
i 20 3 1
e 16 20
i 15 2 1
p 7
1 12 13 14 17 18 19 2 6 8 
q 17 19
 ret = 1
s 1
13 14 18 19 4 5 7 
i 8 1 1
i 2 13 1
i 10 14 1
i 20 17 1
i 6 1 1
q 14 13
 ret = 1
q 4 4
 ret = 1
i 16 7 1
s 3
12 13 18 19 3 5 6 8 
i 14 7 1
i 16 6 1
e 16 7
i 6 18 1
i 14 1 1
i 9 5 1
i 18 20 1
q 13 6
 ret = 1
p 10
11 14 15 17 6 8 
s 4
18 4 
i 5 20 1
i 12 17 1
q 20 16
 ret = 1
i 5 7 1
i 20 3 1
i 5 2 1
e 14 7
i 14 10 1
i 2 15 1
e 12 18
p 12
18 19 20 3 5 8 
e 6 9
i 2 12 1
q 3 12
 ret = 1
i 4 12 1
i 5 20 1
p 11
18 20 9 
p 9
13 15 16 18 5 
p 18
1 10 15 16 20 3 4 6 
i 9 10 1
i 9 4 1
i 12 20 1
i 15 3 1
i 10 13 1
i 17 17 1
i 9 17 1
i 17 3 1
s 20
1 11 12 13 16 17 18 2 20 3 
q 17 3
 ret = 1
i 9 5 1
p 14
1 10 19 6 9 
e 9 19
i 5 5 1
q 15 18
 ret = 2
p 4
1 11 12 14 18 19 4 5 8 9 
q 8 19
 ret = 1
e 20 11
i 3 15 1
i 8 4 1
q 15 8
 ret = 1
i 6 2 1
i 6 12 1
p 8
10 12 15 16 17 3 7 9 
p 18
1 10 15 16 20 3 4 6 
i 16 15 1
i 4 13 1
i 7 11 1
i 3 5 1
p 8
10 12 15 16 17 3 7 9 
e 18 7
i 2 8 1
q 2 2
 ret = 2
i 13 15 1
i 7 8 1
s 12
1 13 17 20 4 5 6 7 8 
i 14 3 1
s 14
1 10 13 17 2 3 4 5 
p 20
10 12 17 18 20 5 6 
p 2
14 15 17 2 20 5 6 
i 10 11 1
i 20 20 1
s 15
10 13 15 16 18 2 3 5 6 8 9 
i 6 4 1
e 12 6
i 7 3 1
p 5
1 12 14 15 18 19 3 5 6 9 
s 2
1 12 13 15 16 19 2 7 8 
s 8
1 10 12 19 3 4 7 
i 2 9 1
s 8
1 10 12 19 3 4 7 
i 10 20 1
e 17 3
i 4 8 1
i 12 7 1
e 14 13
i 20 12 1
s 2
1 12 13 15 16 19 2 7 8 9 
e 13 15
i 1 5 1
i 7 20 1
p 2
14 15 17 2 20 5 6 
i 12 14 1
i 7 12 1
s 4
12 13 18 4 8 
e 13 1
s 16
1 13 15 16 18 19 6 8 9 
i 5 11 1
i 2 10 1
i 9 14 1
q 17 10
 ret = 1
i 8 10 1
i 7 11 1
i 9 20 1
q 2 10
 ret = 1
i 9 17 1
e 4 12
i 4 19 1
p 9
13 15 16 18 2 5 
s 9
10 11 14 17 20 4 5 8 
e 9 10
q 18 9
 ret = 1
i 19 13 1
p 1
10 12 14 16 19 2 20 6 8 
i 2 20 1
i 5 17 1
i 2 5 1
s 14
1 10 17 2 3 4 5 
q 14 4
 ret = 3
q 15 9
 ret = 1
i 14 14 1
s 3
12 13 15 18 19 3 5 6 8 
e 11 19
i 10 5 1
i 13 18 1
i 12 1 1
i 10 6 1
e 9 17
i 11 9 1
i 3 15 1
i 6 17 1
q 2 1
 ret = 3
p 11
10 18 5 7 9 
p 7
1 12 13 17 19 2 5 6 8 
i 5 9 1
i 1 19 1
i 8 14 1
e 10 13
i 17 8 1
i 17 13 1
s 17
10 13 15 17 19 2 20 7 8 
e 10 6
q 3 5
 ret = 3
i 9 19 1
s 2
1 10 12 13 15 16 19 2 20 5 7 8 9 
p 17
11 12 14 17 19 20 5 6 7 
e 8 1
i 4 16 1
e 8 10
i 19 13 1
i 2 9 1
e 9 14
i 20 14 1
i 16 1 1
i 4 12 1
e 8 4
i 3 5 1
i 1 19 1
p 6
13 15 16 3 5 
i 15 18 1
i 17 5 1
e 4 12
e 7 3
i 20 1 1
i 5 3 1
i 8 7 1
i 2 12 1
i 16 3 1
i 16 3 1
i 3 2 1
i 4 20 1
i 4 13 1
i 13 14 1
i 2 9 1
i 19 8 1
i 4 10 1
i 11 3 1
i 10 14 1
i 14 1 1
i 7 16 1
q 18 5
 ret = 2
i 15 13 1
q 17 17
 ret = 1
i 19 8 1
i 10 10 1
i 3 1 1
i 11 20 1
e 7 17
i 3 17 1
p 16
11 15 16 18 2 20 4 7 
e 4 19
i 10 17 1
e 18 4
s 13
13 14 18 19 3 6 7 9 
i 1 5 1
s 13
13 14 18 19 3 6 7 9 
i 13 8 1
i 20 5 1
i 12 16 1
i 16 17 1
i 3 2 1
i 8 2 1
i 12 12 1
p 2
14 15 17 2 20 3 5 6 8 
i 2 14 1
p 4
1 11 12 14 19 4 5 6 9 
s 15
10 13 15 16 18 2 3 5 6 8 9 
s 11
10 15 16 17 20 3 4 9 
i 11 11 1
i 9 9 1
s 16
1 13 15 16 17 18 19 3 6 8 9 
s 11
10 11 15 16 17 20 3 4 9 
i 16 17 1
i 13 7 1
i 20 14 1
i 18 19 1
i 11 15 1
e 16 19
p 7
1 12 13 17 19 2 5 6 8 
i 17 11 1
i 15 13 1
p 3
10 11 13 14 15 16 19 20 3 5 8 
i 1 1 1
i 11 13 1
i 3 10 1
p 17
10 11 12 14 16 17 19 20 3 5 6 
i 15 2 1
p 17
10 11 12 14 16 17 19 20 3 5 6 
i 18 15 1
i 8 16 1
s 7
11 12 16 20 8 
p 20
10 11 12 17 18 2 20 4 5 6 7 9 
i 12 20 1
i 20 12 1
q 11 17
 ret = 1
i 14 2 1
i 9 15 1
i 14 12 1
i 16 12 1
i 1 20 1
p 2
14 15 17 2 20 3 5 6 8 
i 7 10 1
i 4 17 1
i 19 19 1
s 14
1 10 12 14 17 2 3 4 5 
i 18 7 1
i 20 3 1
s 14
1 10 12 14 17 2 3 4 5 
i 11 11 1
q 3 3
 ret = 1
i 13 8 1
q 7 16
 ret = 3
i 20 17 1
i 15 13 1
p 19
1 13 17 18 19 2 3 5 6 8 9 
i 2 7 1
i 12 15 1
e 18 11
i 15 3 1
e 3 19
i 8 20 1
i 4 14 1
i 19 2 1
i 12 6 1
i 15 4 1
i 12 10 1
i 17 2 1
i 18 6 1
s 4
10 13 14 16 17 18 20 4 8 
i 20 1 1
i 12 14 1
i 5 9 1
i 9 10 1
i 17 16 1
s 3
1 10 12 13 15 17 18 2 3 5 6 8 
q 19 5
 ret = 1
s 7
10 11 12 16 20 8 
i 8 2 1
i 18 2 1
i 7 12 1
q 12 10
 ret = 1
i 2 7 1
e 9 5
i 2 10 1
i 5 5 1
q 7 8
 ret = 2
e 19 13
q 2 12
 ret = 2
i 6 9 1
p 14
1 10 12 13 14 19 2 20 4 6 8 
q 2 14
 ret = 1
i 7 8 1
q 17 19
 ret = 1
p 9
11 13 15 16 18 2 5 6 9 
q 17 5
 ret = 1
i 4 3 1
p 2
14 15 17 18 19 2 20 3 5 6 8 
s 16
1 12 13 15 16 17 18 3 6 8 9 
i 5 2 1
s 13
13 14 18 19 3 6 7 8 9 
p 3
10 11 13 14 15 16 19 20 3 4 5 8 
i 19 16 1
i 6 20 1
e 20 14
i 7 11 1
i 10 15 1
i 10 2 1
q 20 13
 ret = 1
s 16
1 12 13 15 16 17 18 3 6 8 9 
e 20 5
i 3 12 1
i 18 11 1
i 3 11 1
p 12
12 14 16 18 19 2 20 3 5 6 7 8 
i 5 5 1
i 3 9 1
s 20
1 12 13 16 17 18 2 20 3 
i 9 4 1
p 12
12 14 16 18 19 2 20 3 5 6 7 8 
p 2
10 14 15 17 18 19 2 20 3 5 6 8 
p 4
1 11 12 14 15 19 4 5 6 9 
p 2
10 14 15 17 18 19 2 20 3 5 6 8 
p 5
1 10 12 14 15 17 18 19 2 3 5 6 
i 6 17 1
q 15 10
 ret = 1
i 8 1 1
i 8 20 1
p 16
11 12 15 16 17 18 19 2 20 4 7 8 
q 7 16
 ret = 3
i 16 9 1
i 16 16 1
q 12 15
 ret = 1
i 3 14 1
i 3 12 1
i 11 6 1
e 9 8
i 7 1 1
e 2 12
p 3
10 11 13 14 15 16 19 20 3 4 5 8 
i 18 11 1
i 7 1 1
s 19
1 12 14 16 17 19 2 3 4 5 7 8 
e 3 18
p 9
11 13 15 16 18 2 3 5 6 9 
s 4
10 13 14 16 17 18 20 3 4 8 
i 12 19 1
i 19 18 1
